<?xml version="1.0" encoding="UTF-8"?>
<!-- Generated by org.testng.reporters.JUnitReportReporter -->
<testsuite hostname="ubuntu-HP-250-G7-Notebook-PC" failures="1" tests="6" name="com.employeeapi.TestCases.TC002_GetSingleEmployeeData" time="0.013" errors="0" timestamp="2020-01-14T14:55:10 IST" skipped="0">
  <testcase classname="com.employeeapi.TestCases.TC002_GetSingleEmployeeData" name="checkResponseTime" time="0.001"/>
  <testcase classname="com.employeeapi.TestCases.TC002_GetSingleEmployeeData" name="checkStatusCode" time="0.005"/>
  <testcase classname="com.employeeapi.TestCases.TC002_GetSingleEmployeeData" name="checkServerType" time="0.001"/>
  <testcase classname="com.employeeapi.TestCases.TC002_GetSingleEmployeeData" name="tearDown" time="0.003"/>
  <testcase classname="com.employeeapi.TestCases.TC002_GetSingleEmployeeData" name="checkContentLength" time="0.002"/>
  <testcase classname="com.employeeapi.TestCases.TC002_GetSingleEmployeeData" name="checkContentType" time="0.001">
    <failure message="expected:&lt;text/html; charset=UTF-8&gt; but was:&lt;application/json;charset=utf-8&gt;" type="java.lang.AssertionError">
      <![CDATA[java.lang.AssertionError: expected:<text/html; charset=UTF-8> but was:<application/json;charset=utf-8>
at org.testng.AssertJUnit.assertEquals(AssertJUnit.java:82)
at org.testng.AssertJUnit.assertEquals(AssertJUnit.java:87)
at com.employeeapi.TestCases.TC002_GetSingleEmployeeData.checkContentType(TC002_GetSingleEmployeeData.java:50)
at java.base/jdk.internal.reflect.NativeMethodAccessorImpl.invoke0(Native Method)
at java.base/jdk.internal.reflect.NativeMethodAccessorImpl.invoke(NativeMethodAccessorImpl.java:62)
at java.base/jdk.internal.reflect.DelegatingMethodAccessorImpl.invoke(DelegatingMethodAccessorImpl.java:43)
at java.base/java.lang.reflect.Method.invoke(Method.java:566)
at org.testng.internal.MethodInvocationHelper.invokeMethod(MethodInvocationHelper.java:133)
at org.testng.internal.TestInvoker.invokeMethod(TestInvoker.java:584)
at org.testng.internal.TestInvoker.invokeTestMethod(TestInvoker.java:172)
at org.testng.internal.MethodRunner.runInSequence(MethodRunner.java:46)
at org.testng.internal.TestInvoker$MethodInvocationAgent.invoke(TestInvoker.java:804)
at org.testng.internal.TestInvoker.invokeTestMethods(TestInvoker.java:145)
at org.testng.internal.TestMethodWorker.invokeTestMethods(TestMethodWorker.java:146)
at org.testng.internal.TestMethodWorker.run(TestMethodWorker.java:128)
at java.base/java.util.ArrayList.forEach(ArrayList.java:1540)
at org.testng.TestRunner.privateRun(TestRunner.java:770)
at org.testng.TestRunner.run(TestRunner.java:591)
at org.testng.SuiteRunner.runTest(SuiteRunner.java:402)
at org.testng.SuiteRunner.runSequentially(SuiteRunner.java:396)
at org.testng.SuiteRunner.privateRun(SuiteRunner.java:355)
at org.testng.SuiteRunner.run(SuiteRunner.java:304)
at org.testng.SuiteRunnerWorker.runSuite(SuiteRunnerWorker.java:53)
at org.testng.SuiteRunnerWorker.run(SuiteRunnerWorker.java:96)
at org.testng.TestNG.runSuitesSequentially(TestNG.java:1180)
at org.testng.TestNG.runSuitesLocally(TestNG.java:1102)
at org.testng.TestNG.runSuites(TestNG.java:1032)
at org.testng.TestNG.run(TestNG.java:1000)
at org.testng.remote.AbstractRemoteTestNG.run(AbstractRemoteTestNG.java:115)
at org.testng.remote.RemoteTestNG.initAndRun(RemoteTestNG.java:251)
at org.testng.remote.RemoteTestNG.main(RemoteTestNG.java:77)
]]>
    </failure>
  </testcase> <!-- checkContentType -->
</testsuite> <!-- com.employeeapi.TestCases.TC002_GetSingleEmployeeData -->
