<html>
<head>
<title>TestNG:  Test</title>
<link href="../testng.css" rel="stylesheet" type="text/css" />
<link href="../my-testng.css" rel="stylesheet" type="text/css" />

<style type="text/css">
.log { display: none;} 
.stack-trace { display: none;} 
</style>
<script type="text/javascript">
<!--
function flip(e) {
  current = e.style.display;
  if (current == 'block') {
    e.style.display = 'none';
    return 0;
  }
  else {
    e.style.display = 'block';
    return 1;
  }
}

function toggleBox(szDivId, elem, msg1, msg2)
{
  var res = -1;  if (document.getElementById) {
    res = flip(document.getElementById(szDivId));
  }
  else if (document.all) {
    // this is the way old msie versions work
    res = flip(document.all[szDivId]);
  }
  if(elem) {
    if(res == 0) elem.innerHTML = msg1; else elem.innerHTML = msg2;
  }

}

function toggleAllBoxes() {
  if (document.getElementsByTagName) {
    d = document.getElementsByTagName('div');
    for (i = 0; i < d.length; i++) {
      if (d[i].className == 'log') {
        flip(d[i]);
      }
    }
  }
}

// -->
</script>

</head>
<body>
<h2 align='center'>Test</h2><table border='1' align="center">
<tr>
<td>Tests passed/Failed/Skipped:</td><td>21/4/0</td>
</tr><tr>
<td>Started on:</td><td>Tue Jan 14 14:54:58 IST 2020</td>
</tr>
<tr><td>Total time:</td><td>10 seconds (10835 ms)</td>
</tr><tr>
<td>Included groups:</td><td></td>
</tr><tr>
<td>Excluded groups:</td><td></td>
</tr>
</table><p/>
<small><i>(Hover the method name to see the test class name)</i></small><p/>
<table width='100%' border='1' class='invocation-failed'>
<tr><td colspan='4' align='center'><b>FAILED TESTS</b></td></tr>
<tr><td><b>Test method</b></td>
<td width="30%"><b>Exception</b></td>
<td width="10%"><b>Time (seconds)</b></td>
<td><b>Instance</b></td>
</tr>
<tr>
<td title='com.employeeapi.TestCases.TC002_GetSingleEmployeeData.checkContentType()'><b>checkContentType</b><br>Test class: com.employeeapi.TestCases.TC002_GetSingleEmployeeData</td>
<td><div><pre>java.lang.AssertionError: expected:&lt;text/html; charset=UTF-8&gt; but was:&lt;application/json;charset=utf-8&gt;
	at com.employeeapi.TestCases.TC002_GetSingleEmployeeData.checkContentType(TC002_GetSingleEmployeeData.java:50)
	at java.base/java.util.ArrayList.forEach(ArrayList.java:1540)
... Removed 29 stack frames</pre></div><a href='#' onClick='toggleBox("stack-trace2016146960", this, "Click to show all stack frames", "Click to hide stack frames")'>Click to show all stack frames</a>
<div class='stack-trace' id='stack-trace2016146960'><pre>java.lang.AssertionError: expected:&lt;text/html; charset=UTF-8&gt; but was:&lt;application/json;charset=utf-8&gt;
	at org.testng.AssertJUnit.assertEquals(AssertJUnit.java:82)
	at org.testng.AssertJUnit.assertEquals(AssertJUnit.java:87)
	at com.employeeapi.TestCases.TC002_GetSingleEmployeeData.checkContentType(TC002_GetSingleEmployeeData.java:50)
	at java.base/jdk.internal.reflect.NativeMethodAccessorImpl.invoke0(Native Method)
	at java.base/jdk.internal.reflect.NativeMethodAccessorImpl.invoke(NativeMethodAccessorImpl.java:62)
	at java.base/jdk.internal.reflect.DelegatingMethodAccessorImpl.invoke(DelegatingMethodAccessorImpl.java:43)
	at java.base/java.lang.reflect.Method.invoke(Method.java:566)
	at org.testng.internal.MethodInvocationHelper.invokeMethod(MethodInvocationHelper.java:133)
	at org.testng.internal.TestInvoker.invokeMethod(TestInvoker.java:584)
	at org.testng.internal.TestInvoker.invokeTestMethod(TestInvoker.java:172)
	at org.testng.internal.MethodRunner.runInSequence(MethodRunner.java:46)
	at org.testng.internal.TestInvoker$MethodInvocationAgent.invoke(TestInvoker.java:804)
	at org.testng.internal.TestInvoker.invokeTestMethods(TestInvoker.java:145)
	at org.testng.internal.TestMethodWorker.invokeTestMethods(TestMethodWorker.java:146)
	at org.testng.internal.TestMethodWorker.run(TestMethodWorker.java:128)
	at java.base/java.util.ArrayList.forEach(ArrayList.java:1540)
	at org.testng.TestRunner.privateRun(TestRunner.java:770)
	at org.testng.TestRunner.run(TestRunner.java:591)
	at org.testng.SuiteRunner.runTest(SuiteRunner.java:402)
	at org.testng.SuiteRunner.runSequentially(SuiteRunner.java:396)
	at org.testng.SuiteRunner.privateRun(SuiteRunner.java:355)
	at org.testng.SuiteRunner.run(SuiteRunner.java:304)
	at org.testng.SuiteRunnerWorker.runSuite(SuiteRunnerWorker.java:53)
	at org.testng.SuiteRunnerWorker.run(SuiteRunnerWorker.java:96)
	at org.testng.TestNG.runSuitesSequentially(TestNG.java:1180)
	at org.testng.TestNG.runSuitesLocally(TestNG.java:1102)
	at org.testng.TestNG.runSuites(TestNG.java:1032)
	at org.testng.TestNG.run(TestNG.java:1000)
	at org.testng.remote.AbstractRemoteTestNG.run(AbstractRemoteTestNG.java:115)
	at org.testng.remote.RemoteTestNG.initAndRun(RemoteTestNG.java:251)
	at org.testng.remote.RemoteTestNG.main(RemoteTestNG.java:77)
</pre></div></td>
<td>0</td>
<td>com.employeeapi.TestCases.TC002_GetSingleEmployeeData@2aa3cd93</td></tr>
<tr>
<td title='com.employeeapi.TestCases.TC004_PutEmployeeRecord.checkResponseBody()'><b>checkResponseBody</b><br>Test class: com.employeeapi.TestCases.TC004_PutEmployeeRecord</td>
<td><div><pre>java.lang.AssertionError: 
	at com.employeeapi.TestCases.TC004_PutEmployeeRecord.checkResponseBody(TC004_PutEmployeeRecord.java:47)
	at java.base/java.util.ArrayList.forEach(ArrayList.java:1540)
... Removed 30 stack frames</pre></div><a href='#' onClick='toggleBox("stack-trace1188445627", this, "Click to show all stack frames", "Click to hide stack frames")'>Click to show all stack frames</a>
<div class='stack-trace' id='stack-trace1188445627'><pre>java.lang.AssertionError: 
	at org.testng.AssertJUnit.fail(AssertJUnit.java:47)
	at org.testng.AssertJUnit.assertTrue(AssertJUnit.java:20)
	at org.testng.AssertJUnit.assertTrue(AssertJUnit.java:26)
	at com.employeeapi.TestCases.TC004_PutEmployeeRecord.checkResponseBody(TC004_PutEmployeeRecord.java:47)
	at java.base/jdk.internal.reflect.NativeMethodAccessorImpl.invoke0(Native Method)
	at java.base/jdk.internal.reflect.NativeMethodAccessorImpl.invoke(NativeMethodAccessorImpl.java:62)
	at java.base/jdk.internal.reflect.DelegatingMethodAccessorImpl.invoke(DelegatingMethodAccessorImpl.java:43)
	at java.base/java.lang.reflect.Method.invoke(Method.java:566)
	at org.testng.internal.MethodInvocationHelper.invokeMethod(MethodInvocationHelper.java:133)
	at org.testng.internal.TestInvoker.invokeMethod(TestInvoker.java:584)
	at org.testng.internal.TestInvoker.invokeTestMethod(TestInvoker.java:172)
	at org.testng.internal.MethodRunner.runInSequence(MethodRunner.java:46)
	at org.testng.internal.TestInvoker$MethodInvocationAgent.invoke(TestInvoker.java:804)
	at org.testng.internal.TestInvoker.invokeTestMethods(TestInvoker.java:145)
	at org.testng.internal.TestMethodWorker.invokeTestMethods(TestMethodWorker.java:146)
	at org.testng.internal.TestMethodWorker.run(TestMethodWorker.java:128)
	at java.base/java.util.ArrayList.forEach(ArrayList.java:1540)
	at org.testng.TestRunner.privateRun(TestRunner.java:770)
	at org.testng.TestRunner.run(TestRunner.java:591)
	at org.testng.SuiteRunner.runTest(SuiteRunner.java:402)
	at org.testng.SuiteRunner.runSequentially(SuiteRunner.java:396)
	at org.testng.SuiteRunner.privateRun(SuiteRunner.java:355)
	at org.testng.SuiteRunner.run(SuiteRunner.java:304)
	at org.testng.SuiteRunnerWorker.runSuite(SuiteRunnerWorker.java:53)
	at org.testng.SuiteRunnerWorker.run(SuiteRunnerWorker.java:96)
	at org.testng.TestNG.runSuitesSequentially(TestNG.java:1180)
	at org.testng.TestNG.runSuitesLocally(TestNG.java:1102)
	at org.testng.TestNG.runSuites(TestNG.java:1032)
	at org.testng.TestNG.run(TestNG.java:1000)
	at org.testng.remote.AbstractRemoteTestNG.run(AbstractRemoteTestNG.java:115)
	at org.testng.remote.RemoteTestNG.initAndRun(RemoteTestNG.java:251)
	at org.testng.remote.RemoteTestNG.main(RemoteTestNG.java:77)
</pre></div></td>
<td>0</td>
<td>com.employeeapi.TestCases.TC004_PutEmployeeRecord@add0edd</td></tr>
<tr>
<td title='com.employeeapi.TestCases.TC005_DeleteEmloyeeRecord.checkResponseBody()'><b>checkResponseBody</b><br>Test class: com.employeeapi.TestCases.TC005_DeleteEmloyeeRecord</td>
<td><div><pre>java.lang.AssertionError: expected:&lt;false&gt; but was:&lt;true&gt;
	at com.employeeapi.TestCases.TC005_DeleteEmloyeeRecord.checkResponseBody(TC005_DeleteEmloyeeRecord.java:39)
	at java.base/java.util.ArrayList.forEach(ArrayList.java:1540)
... Removed 32 stack frames</pre></div><a href='#' onClick='toggleBox("stack-trace393549265", this, "Click to show all stack frames", "Click to hide stack frames")'>Click to show all stack frames</a>
<div class='stack-trace' id='stack-trace393549265'><pre>java.lang.AssertionError: expected:&lt;false&gt; but was:&lt;true&gt;
	at org.testng.AssertJUnit.fail(AssertJUnit.java:47)
	at org.testng.AssertJUnit.failNotEquals(AssertJUnit.java:330)
	at org.testng.AssertJUnit.assertEquals(AssertJUnit.java:66)
	at org.testng.AssertJUnit.assertEquals(AssertJUnit.java:161)
	at org.testng.AssertJUnit.assertEquals(AssertJUnit.java:166)
	at com.employeeapi.TestCases.TC005_DeleteEmloyeeRecord.checkResponseBody(TC005_DeleteEmloyeeRecord.java:39)
	at java.base/jdk.internal.reflect.NativeMethodAccessorImpl.invoke0(Native Method)
	at java.base/jdk.internal.reflect.NativeMethodAccessorImpl.invoke(NativeMethodAccessorImpl.java:62)
	at java.base/jdk.internal.reflect.DelegatingMethodAccessorImpl.invoke(DelegatingMethodAccessorImpl.java:43)
	at java.base/java.lang.reflect.Method.invoke(Method.java:566)
	at org.testng.internal.MethodInvocationHelper.invokeMethod(MethodInvocationHelper.java:133)
	at org.testng.internal.TestInvoker.invokeMethod(TestInvoker.java:584)
	at org.testng.internal.TestInvoker.invokeTestMethod(TestInvoker.java:172)
	at org.testng.internal.MethodRunner.runInSequence(MethodRunner.java:46)
	at org.testng.internal.TestInvoker$MethodInvocationAgent.invoke(TestInvoker.java:804)
	at org.testng.internal.TestInvoker.invokeTestMethods(TestInvoker.java:145)
	at org.testng.internal.TestMethodWorker.invokeTestMethods(TestMethodWorker.java:146)
	at org.testng.internal.TestMethodWorker.run(TestMethodWorker.java:128)
	at java.base/java.util.ArrayList.forEach(ArrayList.java:1540)
	at org.testng.TestRunner.privateRun(TestRunner.java:770)
	at org.testng.TestRunner.run(TestRunner.java:591)
	at org.testng.SuiteRunner.runTest(SuiteRunner.java:402)
	at org.testng.SuiteRunner.runSequentially(SuiteRunner.java:396)
	at org.testng.SuiteRunner.privateRun(SuiteRunner.java:355)
	at org.testng.SuiteRunner.run(SuiteRunner.java:304)
	at org.testng.SuiteRunnerWorker.runSuite(SuiteRunnerWorker.java:53)
	at org.testng.SuiteRunnerWorker.run(SuiteRunnerWorker.java:96)
	at org.testng.TestNG.runSuitesSequentially(TestNG.java:1180)
	at org.testng.TestNG.runSuitesLocally(TestNG.java:1102)
	at org.testng.TestNG.runSuites(TestNG.java:1032)
	at org.testng.TestNG.run(TestNG.java:1000)
	at org.testng.remote.AbstractRemoteTestNG.run(AbstractRemoteTestNG.java:115)
	at org.testng.remote.RemoteTestNG.initAndRun(RemoteTestNG.java:251)
	at org.testng.remote.RemoteTestNG.main(RemoteTestNG.java:77)
</pre></div></td>
<td>0</td>
<td>com.employeeapi.TestCases.TC005_DeleteEmloyeeRecord@290d210d</td></tr>
<tr>
<td title='com.employeeapi.TestCases.TC005_DeleteEmloyeeRecord.checkStatusCode()'><b>checkStatusCode</b><br>Test class: com.employeeapi.TestCases.TC005_DeleteEmloyeeRecord</td>
<td><div><pre>java.lang.AssertionError: expected:&lt;404&gt; but was:&lt;200&gt;
	at com.employeeapi.TestCases.TC005_DeleteEmloyeeRecord.checkStatusCode(TC005_DeleteEmloyeeRecord.java:46)
	at java.base/java.util.ArrayList.forEach(ArrayList.java:1540)
... Removed 32 stack frames</pre></div><a href='#' onClick='toggleBox("stack-trace1141059550", this, "Click to show all stack frames", "Click to hide stack frames")'>Click to show all stack frames</a>
<div class='stack-trace' id='stack-trace1141059550'><pre>java.lang.AssertionError: expected:&lt;404&gt; but was:&lt;200&gt;
	at org.testng.AssertJUnit.fail(AssertJUnit.java:47)
	at org.testng.AssertJUnit.failNotEquals(AssertJUnit.java:330)
	at org.testng.AssertJUnit.assertEquals(AssertJUnit.java:66)
	at org.testng.AssertJUnit.assertEquals(AssertJUnit.java:213)
	at org.testng.AssertJUnit.assertEquals(AssertJUnit.java:218)
	at com.employeeapi.TestCases.TC005_DeleteEmloyeeRecord.checkStatusCode(TC005_DeleteEmloyeeRecord.java:46)
	at java.base/jdk.internal.reflect.NativeMethodAccessorImpl.invoke0(Native Method)
	at java.base/jdk.internal.reflect.NativeMethodAccessorImpl.invoke(NativeMethodAccessorImpl.java:62)
	at java.base/jdk.internal.reflect.DelegatingMethodAccessorImpl.invoke(DelegatingMethodAccessorImpl.java:43)
	at java.base/java.lang.reflect.Method.invoke(Method.java:566)
	at org.testng.internal.MethodInvocationHelper.invokeMethod(MethodInvocationHelper.java:133)
	at org.testng.internal.TestInvoker.invokeMethod(TestInvoker.java:584)
	at org.testng.internal.TestInvoker.invokeTestMethod(TestInvoker.java:172)
	at org.testng.internal.MethodRunner.runInSequence(MethodRunner.java:46)
	at org.testng.internal.TestInvoker$MethodInvocationAgent.invoke(TestInvoker.java:804)
	at org.testng.internal.TestInvoker.invokeTestMethods(TestInvoker.java:145)
	at org.testng.internal.TestMethodWorker.invokeTestMethods(TestMethodWorker.java:146)
	at org.testng.internal.TestMethodWorker.run(TestMethodWorker.java:128)
	at java.base/java.util.ArrayList.forEach(ArrayList.java:1540)
	at org.testng.TestRunner.privateRun(TestRunner.java:770)
	at org.testng.TestRunner.run(TestRunner.java:591)
	at org.testng.SuiteRunner.runTest(SuiteRunner.java:402)
	at org.testng.SuiteRunner.runSequentially(SuiteRunner.java:396)
	at org.testng.SuiteRunner.privateRun(SuiteRunner.java:355)
	at org.testng.SuiteRunner.run(SuiteRunner.java:304)
	at org.testng.SuiteRunnerWorker.runSuite(SuiteRunnerWorker.java:53)
	at org.testng.SuiteRunnerWorker.run(SuiteRunnerWorker.java:96)
	at org.testng.TestNG.runSuitesSequentially(TestNG.java:1180)
	at org.testng.TestNG.runSuitesLocally(TestNG.java:1102)
	at org.testng.TestNG.runSuites(TestNG.java:1032)
	at org.testng.TestNG.run(TestNG.java:1000)
	at org.testng.remote.AbstractRemoteTestNG.run(AbstractRemoteTestNG.java:115)
	at org.testng.remote.RemoteTestNG.initAndRun(RemoteTestNG.java:251)
	at org.testng.remote.RemoteTestNG.main(RemoteTestNG.java:77)
</pre></div></td>
<td>0</td>
<td>com.employeeapi.TestCases.TC005_DeleteEmloyeeRecord@290d210d</td></tr>
</table><p>
<table width='100%' border='1' class='invocation-passed'>
<tr><td colspan='4' align='center'><b>PASSED TESTS</b></td></tr>
<tr><td><b>Test method</b></td>
<td width="30%"><b>Exception</b></td>
<td width="10%"><b>Time (seconds)</b></td>
<td><b>Instance</b></td>
</tr>
<tr>
<td title='com.employeeapi.TestCases.TC001_GetAllEmployees.checkContentEncoding()'><b>checkContentEncoding</b><br>Test class: com.employeeapi.TestCases.TC001_GetAllEmployees</td>
<td></td>
<td>0</td>
<td>com.employeeapi.TestCases.TC001_GetAllEmployees@4b44655e</td></tr>
<tr>
<td title='com.employeeapi.TestCases.TC002_GetSingleEmployeeData.checkContentLength()'><b>checkContentLength</b><br>Test class: com.employeeapi.TestCases.TC002_GetSingleEmployeeData</td>
<td></td>
<td>0</td>
<td>com.employeeapi.TestCases.TC002_GetSingleEmployeeData@2aa3cd93</td></tr>
<tr>
<td title='com.employeeapi.TestCases.TC001_GetAllEmployees.checkContentLength()'><b>checkContentLength</b><br>Test class: com.employeeapi.TestCases.TC001_GetAllEmployees</td>
<td></td>
<td>0</td>
<td>com.employeeapi.TestCases.TC001_GetAllEmployees@4b44655e</td></tr>
<tr>
<td title='com.employeeapi.TestCases.TC004_PutEmployeeRecord.checkContentType()'><b>checkContentType</b><br>Test class: com.employeeapi.TestCases.TC004_PutEmployeeRecord</td>
<td></td>
<td>0</td>
<td>com.employeeapi.TestCases.TC004_PutEmployeeRecord@add0edd</td></tr>
<tr>
<td title='com.employeeapi.TestCases.TC003_PostEmployeeRecord.checkContentType()'><b>checkContentType</b><br>Test class: com.employeeapi.TestCases.TC003_PostEmployeeRecord</td>
<td></td>
<td>0</td>
<td>com.employeeapi.TestCases.TC003_PostEmployeeRecord@7ea37dbf</td></tr>
<tr>
<td title='com.employeeapi.TestCases.TC001_GetAllEmployees.checkContentType()'><b>checkContentType</b><br>Test class: com.employeeapi.TestCases.TC001_GetAllEmployees</td>
<td></td>
<td>0</td>
<td>com.employeeapi.TestCases.TC001_GetAllEmployees@4b44655e</td></tr>
<tr>
<td title='com.employeeapi.TestCases.TC001_GetAllEmployees.checkCookies()'><b>checkCookies</b><br>Test class: com.employeeapi.TestCases.TC001_GetAllEmployees</td>
<td></td>
<td>0</td>
<td>com.employeeapi.TestCases.TC001_GetAllEmployees@4b44655e</td></tr>
<tr>
<td title='com.employeeapi.TestCases.TC003_PostEmployeeRecord.checkResponseBody()'><b>checkResponseBody</b><br>Test class: com.employeeapi.TestCases.TC003_PostEmployeeRecord</td>
<td></td>
<td>0</td>
<td>com.employeeapi.TestCases.TC003_PostEmployeeRecord@7ea37dbf</td></tr>
<tr>
<td title='com.employeeapi.TestCases.TC001_GetAllEmployees.checkResponseBody()'><b>checkResponseBody</b><br>Test class: com.employeeapi.TestCases.TC001_GetAllEmployees</td>
<td></td>
<td>0</td>
<td>com.employeeapi.TestCases.TC001_GetAllEmployees@4b44655e</td></tr>
<tr>
<td title='com.employeeapi.TestCases.TC002_GetSingleEmployeeData.checkResponseTime()'><b>checkResponseTime</b><br>Test class: com.employeeapi.TestCases.TC002_GetSingleEmployeeData</td>
<td></td>
<td>0</td>
<td>com.employeeapi.TestCases.TC002_GetSingleEmployeeData@2aa3cd93</td></tr>
<tr>
<td title='com.employeeapi.TestCases.TC001_GetAllEmployees.checkResponseTime()'><b>checkResponseTime</b><br>Test class: com.employeeapi.TestCases.TC001_GetAllEmployees</td>
<td></td>
<td>0</td>
<td>com.employeeapi.TestCases.TC001_GetAllEmployees@4b44655e</td></tr>
<tr>
<td title='com.employeeapi.TestCases.TC004_PutEmployeeRecord.checkServerType()'><b>checkServerType</b><br>Test class: com.employeeapi.TestCases.TC004_PutEmployeeRecord</td>
<td></td>
<td>0</td>
<td>com.employeeapi.TestCases.TC004_PutEmployeeRecord@add0edd</td></tr>
<tr>
<td title='com.employeeapi.TestCases.TC002_GetSingleEmployeeData.checkServerType()'><b>checkServerType</b><br>Test class: com.employeeapi.TestCases.TC002_GetSingleEmployeeData</td>
<td></td>
<td>0</td>
<td>com.employeeapi.TestCases.TC002_GetSingleEmployeeData@2aa3cd93</td></tr>
<tr>
<td title='com.employeeapi.TestCases.TC003_PostEmployeeRecord.checkServerType()'><b>checkServerType</b><br>Test class: com.employeeapi.TestCases.TC003_PostEmployeeRecord</td>
<td></td>
<td>0</td>
<td>com.employeeapi.TestCases.TC003_PostEmployeeRecord@7ea37dbf</td></tr>
<tr>
<td title='com.employeeapi.TestCases.TC001_GetAllEmployees.checkServerType()'><b>checkServerType</b><br>Test class: com.employeeapi.TestCases.TC001_GetAllEmployees</td>
<td></td>
<td>0</td>
<td>com.employeeapi.TestCases.TC001_GetAllEmployees@4b44655e</td></tr>
<tr>
<td title='com.employeeapi.TestCases.TC004_PutEmployeeRecord.checkStatusCode()'><b>checkStatusCode</b><br>Test class: com.employeeapi.TestCases.TC004_PutEmployeeRecord</td>
<td></td>
<td>0</td>
<td>com.employeeapi.TestCases.TC004_PutEmployeeRecord@add0edd</td></tr>
<tr>
<td title='com.employeeapi.TestCases.TC002_GetSingleEmployeeData.checkStatusCode()'><b>checkStatusCode</b><br>Test class: com.employeeapi.TestCases.TC002_GetSingleEmployeeData</td>
<td></td>
<td>0</td>
<td>com.employeeapi.TestCases.TC002_GetSingleEmployeeData@2aa3cd93</td></tr>
<tr>
<td title='com.employeeapi.TestCases.TC003_PostEmployeeRecord.checkStatusCode()'><b>checkStatusCode</b><br>Test class: com.employeeapi.TestCases.TC003_PostEmployeeRecord</td>
<td></td>
<td>0</td>
<td>com.employeeapi.TestCases.TC003_PostEmployeeRecord@7ea37dbf</td></tr>
<tr>
<td title='com.employeeapi.TestCases.TC001_GetAllEmployees.checkStatusCode()'><b>checkStatusCode</b><br>Test class: com.employeeapi.TestCases.TC001_GetAllEmployees</td>
<td></td>
<td>0</td>
<td>com.employeeapi.TestCases.TC001_GetAllEmployees@4b44655e</td></tr>
<tr>
<td title='com.employeeapi.TestCases.TC001_GetAllEmployees.checkStatusLine()'><b>checkStatusLine</b><br>Test class: com.employeeapi.TestCases.TC001_GetAllEmployees</td>
<td></td>
<td>0</td>
<td>com.employeeapi.TestCases.TC001_GetAllEmployees@4b44655e</td></tr>
<tr>
<td title='com.employeeapi.TestCases.TC002_GetSingleEmployeeData.tearDown()'><b>tearDown</b><br>Test class: com.employeeapi.TestCases.TC002_GetSingleEmployeeData</td>
<td></td>
<td>0</td>
<td>com.employeeapi.TestCases.TC002_GetSingleEmployeeData@2aa3cd93</td></tr>
</table><p>
</body>
</html>